<?xml version="1.0" encoding="UTF-8"?>
<!-- Generated by org.testng.reporters.JUnitXMLReporter -->
<testsuite hostname="DESKTOP-SUJS60A" name="Default test" tests="3" failures="0" timestamp="5 Jun 2018 05:45:56 GMT" time="41.26" errors="0">
  <testcase name="englishLinkTest" time="2.635" classname="com.test.languagelinks.LanguageLinksTest"/>
  <testcase name="spanishLinkTest" time="2.444" classname="com.test.languagelinks.LanguageLinksTest"/>
  <testcase name="russianLinkTest" time="2.702" classname="com.test.languagelinks.LanguageLinksTest"/>
</testsuite> <!-- Default test -->
