<?xml version="1.0" encoding="UTF-8"?>
<!-- Generated by org.testng.reporters.JUnitXMLReporter -->
<testsuite hostname="GpSonu" name="Default test" tests="5" failures="0" timestamp="5 Jun 2018 20:45:42 GMT" time="57.193" errors="0">
  <testcase name="englishLinkTest" time="2.247" classname="com.test.languagelinks.LanguageLinksTest"/>
  <testcase name="spanishLinkTest" time="2.219" classname="com.test.languagelinks.LanguageLinksTest"/>
  <testcase name="russianLinkTest" time="1.85" classname="com.test.languagelinks.LanguageLinksTest"/>
  <testcase name="taiwanLinkTest" time="2.087" classname="com.test.languagelinks.LanguageLinksTest"/>
  <testcase name="arabicLinkTest" time="2.328" classname="com.test.languagelinks.LanguageLinksTest"/>
</testsuite> <!-- Default test -->
