<?xml version="1.0" encoding="UTF-8"?>
<testng-results skipped="0" failed="0" total="2" passed="2">
  <reporter-output>
  </reporter-output>
  <suite name="Default suite" duration-ms="26123" started-at="2018-06-05T18:58:58Z" finished-at="2018-06-05T18:59:24Z">
    <groups>
    </groups>
    <test name="Default test" duration-ms="26123" started-at="2018-06-05T18:58:58Z" finished-at="2018-06-05T18:59:24Z">
      <class name="com.test.headerlinks.HeaderLinksTest">
        <test-method status="PASS" signature="beforeMethod()[pri:0, instance:com.test.headerlinks.HeaderLinksTest@39aeed2f]" name="beforeMethod" is-config="true" duration-ms="3857" started-at="2018-06-05T14:58:58Z" finished-at="2018-06-05T14:59:01Z">
          <reporter-output>
          </reporter-output>
        </test-method> <!-- beforeMethod -->
        <test-method status="PASS" signature="homeLinkTest()[pri:1, instance:com.test.headerlinks.HeaderLinksTest@39aeed2f]" name="homeLinkTest" duration-ms="7149" started-at="2018-06-05T14:59:01Z" finished-at="2018-06-05T14:59:09Z">
          <reporter-output>
          </reporter-output>
        </test-method> <!-- homeLinkTest -->
        <test-method status="PASS" signature="afterMethod()[pri:0, instance:com.test.headerlinks.HeaderLinksTest@39aeed2f]" name="afterMethod" is-config="true" duration-ms="3846" started-at="2018-06-05T14:59:09Z" finished-at="2018-06-05T14:59:12Z">
          <reporter-output>
          </reporter-output>
        </test-method> <!-- afterMethod -->
        <test-method status="PASS" signature="beforeMethod()[pri:0, instance:com.test.headerlinks.HeaderLinksTest@39aeed2f]" name="beforeMethod" is-config="true" duration-ms="3113" started-at="2018-06-05T14:59:12Z" finished-at="2018-06-05T14:59:16Z">
          <reporter-output>
          </reporter-output>
        </test-method> <!-- beforeMethod -->
        <test-method status="PASS" signature="customerLinkTest()[pri:5, instance:com.test.headerlinks.HeaderLinksTest@39aeed2f]" name="customerLinkTest" duration-ms="4286" started-at="2018-06-05T14:59:16Z" finished-at="2018-06-05T14:59:20Z">
          <reporter-output>
          </reporter-output>
        </test-method> <!-- customerLinkTest -->
        <test-method status="PASS" signature="afterMethod()[pri:0, instance:com.test.headerlinks.HeaderLinksTest@39aeed2f]" name="afterMethod" is-config="true" duration-ms="3848" started-at="2018-06-05T14:59:20Z" finished-at="2018-06-05T14:59:24Z">
          <reporter-output>
          </reporter-output>
        </test-method> <!-- afterMethod -->
      </class> <!-- com.test.headerlinks.HeaderLinksTest -->
    </test> <!-- Default test -->
  </suite> <!-- Default suite -->
</testng-results>
