<?xml version="1.0" encoding="UTF-8"?>
<testng-results skipped="0" failed="0" total="1" passed="1">
  <reporter-output>
  </reporter-output>
  <suite name="Default suite" duration-ms="13916" started-at="2018-06-05T22:40:57Z" finished-at="2018-06-05T22:41:11Z">
    <groups>
      <group name="cucumber">
        <method signature="AbstractTestNGCucumberTests.feature(cucumber.api.testng.CucumberFeatureWrapper)[pri:0, instance:com.runners.HeaderLinksRunner@3ffc5af1]" name="feature" class="cucumber.api.testng.AbstractTestNGCucumberTests"/>
      </group> <!-- cucumber -->
    </groups>
    <test name="Default test" duration-ms="13916" started-at="2018-06-05T22:40:57Z" finished-at="2018-06-05T22:41:11Z">
      <class name="com.runners.HeaderLinksRunner">
        <test-method status="PASS" signature="setUpClass()[pri:0, instance:com.runners.HeaderLinksRunner@3ffc5af1]" test-instance-name="" name="setUpClass" is-config="true" duration-ms="359" started-at="2018-06-05T18:40:57Z" finished-at="2018-06-05T18:40:57Z">
          <reporter-output>
          </reporter-output>
        </test-method> <!-- setUpClass -->
        <test-method name="feature" test-instance-name="" signature="feature(cucumber.api.testng.CucumberFeatureWrapper)[pri:0, instance:com.runners.HeaderLinksRunner@3ffc5af1]" status="PASS" duration-ms="13416" finished-at="2018-06-05T18:41:11Z" started-at="2018-06-05T18:40:57Z" data-provider="features" description="Runs Cucumber Feature">
          <params>
            <param index="0">
              <value>
                <![CDATA[CRM Header Links]]>
              </value>
            </param>
          </params>
          <reporter-output>
          </reporter-output>
        </test-method> <!-- feature -->
        <test-method status="PASS" signature="tearDownClass()[pri:0, instance:com.runners.HeaderLinksRunner@3ffc5af1]" test-instance-name="" name="tearDownClass" is-config="true" duration-ms="15" started-at="2018-06-05T18:41:11Z" finished-at="2018-06-05T18:41:11Z">
          <reporter-output>
          </reporter-output>
        </test-method> <!-- tearDownClass -->
      </class> <!-- com.runners.HeaderLinksRunner -->
    </test> <!-- Default test -->
  </suite> <!-- Default suite -->
</testng-results>
