<?xml version="1.0" encoding="UTF-8"?>
<testng-results skipped="0" failed="0" total="3" passed="3">
  <reporter-output>
  </reporter-output>
  <suite name="Default suite" duration-ms="41260" started-at="2018-06-05T05:45:15Z" finished-at="2018-06-05T05:45:56Z">
    <groups>
    </groups>
    <test name="Default test" duration-ms="41260" started-at="2018-06-05T05:45:15Z" finished-at="2018-06-05T05:45:56Z">
      <class name="com.test.languagelinks.LanguageLinksTest">
        <test-method status="PASS" signature="beforeMethod()[pri:0, instance:com.test.languagelinks.LanguageLinksTest@39aeed2f]" name="beforeMethod" is-config="true" duration-ms="8003" started-at="2018-06-05T01:45:15Z" finished-at="2018-06-05T01:45:23Z">
          <reporter-output>
          </reporter-output>
        </test-method> <!-- beforeMethod -->
        <test-method status="PASS" signature="englishLinkTest()[pri:1, instance:com.test.languagelinks.LanguageLinksTest@39aeed2f]" name="englishLinkTest" duration-ms="2635" started-at="2018-06-05T01:45:23Z" finished-at="2018-06-05T01:45:26Z">
          <reporter-output>
          </reporter-output>
        </test-method> <!-- englishLinkTest -->
        <test-method status="PASS" signature="afterMethod()[pri:0, instance:com.test.languagelinks.LanguageLinksTest@39aeed2f]" name="afterMethod" is-config="true" duration-ms="3721" started-at="2018-06-05T01:45:26Z" finished-at="2018-06-05T01:45:29Z">
          <reporter-output>
          </reporter-output>
        </test-method> <!-- afterMethod -->
        <test-method status="PASS" signature="beforeMethod()[pri:0, instance:com.test.languagelinks.LanguageLinksTest@39aeed2f]" name="beforeMethod" is-config="true" duration-ms="6922" started-at="2018-06-05T01:45:29Z" finished-at="2018-06-05T01:45:36Z">
          <reporter-output>
          </reporter-output>
        </test-method> <!-- beforeMethod -->
        <test-method status="PASS" signature="spanishLinkTest()[pri:2, instance:com.test.languagelinks.LanguageLinksTest@39aeed2f]" name="spanishLinkTest" duration-ms="2444" started-at="2018-06-05T01:45:36Z" finished-at="2018-06-05T01:45:39Z">
          <reporter-output>
          </reporter-output>
        </test-method> <!-- spanishLinkTest -->
        <test-method status="PASS" signature="afterMethod()[pri:0, instance:com.test.languagelinks.LanguageLinksTest@39aeed2f]" name="afterMethod" is-config="true" duration-ms="3693" started-at="2018-06-05T01:45:39Z" finished-at="2018-06-05T01:45:43Z">
          <reporter-output>
          </reporter-output>
        </test-method> <!-- afterMethod -->
        <test-method status="PASS" signature="beforeMethod()[pri:0, instance:com.test.languagelinks.LanguageLinksTest@39aeed2f]" name="beforeMethod" is-config="true" duration-ms="7412" started-at="2018-06-05T01:45:43Z" finished-at="2018-06-05T01:45:50Z">
          <reporter-output>
          </reporter-output>
        </test-method> <!-- beforeMethod -->
        <test-method status="PASS" signature="russianLinkTest()[pri:3, instance:com.test.languagelinks.LanguageLinksTest@39aeed2f]" name="russianLinkTest" duration-ms="2702" started-at="2018-06-05T01:45:50Z" finished-at="2018-06-05T01:45:53Z">
          <reporter-output>
          </reporter-output>
        </test-method> <!-- russianLinkTest -->
        <test-method status="PASS" signature="afterMethod()[pri:0, instance:com.test.languagelinks.LanguageLinksTest@39aeed2f]" name="afterMethod" is-config="true" duration-ms="3704" started-at="2018-06-05T01:45:53Z" finished-at="2018-06-05T01:45:56Z">
          <reporter-output>
          </reporter-output>
        </test-method> <!-- afterMethod -->
      </class> <!-- com.test.languagelinks.LanguageLinksTest -->
    </test> <!-- Default test -->
  </suite> <!-- Default suite -->
</testng-results>
