<?xml version="1.0" encoding="UTF-8"?>
<testng-results skipped="0" failed="0" total="1" passed="1">
  <reporter-output>
  </reporter-output>
  <suite name="Default suite" duration-ms="218946" started-at="2018-06-11T19:21:06Z" finished-at="2018-06-11T19:24:45Z">
    <groups>
      <group name="cucumber">
        <method signature="AbstractTestNGCucumberTests.feature(cucumber.api.testng.CucumberFeatureWrapper)[pri:0, instance:com.runners.LanguageLinksRunner@61832929]" name="feature" class="cucumber.api.testng.AbstractTestNGCucumberTests"/>
      </group> <!-- cucumber -->
    </groups>
    <test name="Default test" duration-ms="218946" started-at="2018-06-11T19:21:06Z" finished-at="2018-06-11T19:24:45Z">
      <class name="com.runners.LanguageLinksRunner">
        <test-method status="PASS" signature="setUpClass()[pri:0, instance:com.runners.LanguageLinksRunner@61832929]" name="setUpClass" is-config="true" duration-ms="525" started-at="2018-06-11T15:21:06Z" finished-at="2018-06-11T15:21:07Z">
          <reporter-output>
          </reporter-output>
        </test-method> <!-- setUpClass -->
        <test-method status="PASS" signature="feature(cucumber.api.testng.CucumberFeatureWrapper)[pri:0, instance:com.runners.LanguageLinksRunner@61832929]" name="feature" duration-ms="218222" started-at="2018-06-11T15:21:07Z" description="Runs Cucumber Feature" data-provider="features" finished-at="2018-06-11T15:24:45Z">
          <params>
            <param index="0">
              <value>
                <![CDATA[CRM Languages]]>
              </value>
            </param>
          </params>
          <reporter-output>
          </reporter-output>
        </test-method> <!-- feature -->
        <test-method status="PASS" signature="tearDownClass()[pri:0, instance:com.runners.LanguageLinksRunner@61832929]" name="tearDownClass" is-config="true" duration-ms="4" started-at="2018-06-11T15:24:45Z" finished-at="2018-06-11T15:24:45Z">
          <reporter-output>
          </reporter-output>
        </test-method> <!-- tearDownClass -->
      </class> <!-- com.runners.LanguageLinksRunner -->
    </test> <!-- Default test -->
  </suite> <!-- Default suite -->
</testng-results>
