<?xml version="1.0" encoding="UTF-8"?>
<testng-results skipped="0" failed="0" total="1" passed="1">
  <reporter-output>
  </reporter-output>
  <suite name="Default suite" duration-ms="18873" started-at="2018-06-02T23:40:06Z" finished-at="2018-06-02T23:40:25Z">
    <groups>
    </groups>
    <test name="Default test" duration-ms="18873" started-at="2018-06-02T23:40:06Z" finished-at="2018-06-02T23:40:25Z">
      <class name="com.test.features.FeaturesTest">
        <test-method status="PASS" signature="beforeMethod()[pri:0, instance:com.test.features.FeaturesTest@39aeed2f]" name="beforeMethod" is-config="true" duration-ms="4291" started-at="2018-06-02T19:40:06Z" finished-at="2018-06-02T19:40:11Z">
          <reporter-output>
          </reporter-output>
        </test-method> <!-- beforeMethod -->
        <test-method status="PASS" signature="featureTest1()[pri:0, instance:com.test.features.FeaturesTest@39aeed2f]" name="featureTest1" duration-ms="10742" started-at="2018-06-02T19:40:11Z" finished-at="2018-06-02T19:40:21Z">
          <reporter-output>
          </reporter-output>
        </test-method> <!-- featureTest1 -->
        <test-method status="PASS" signature="afterMethod()[pri:0, instance:com.test.features.FeaturesTest@39aeed2f]" name="afterMethod" is-config="true" duration-ms="3804" started-at="2018-06-02T19:40:21Z" finished-at="2018-06-02T19:40:25Z">
          <reporter-output>
          </reporter-output>
        </test-method> <!-- afterMethod -->
      </class> <!-- com.test.features.FeaturesTest -->
    </test> <!-- Default test -->
  </suite> <!-- Default suite -->
</testng-results>
