<?xml version="1.0" encoding="UTF-8"?>
<testng-results skipped="0" failed="0" total="5" passed="5">
  <reporter-output>
  </reporter-output>
  <suite name="Default suite" duration-ms="57193" started-at="2018-06-05T20:44:45Z" finished-at="2018-06-05T20:45:42Z">
    <groups>
    </groups>
    <test name="Default test" duration-ms="57193" started-at="2018-06-05T20:44:45Z" finished-at="2018-06-05T20:45:42Z">
      <class name="com.test.languagelinks.LanguageLinksTest">
        <test-method status="PASS" signature="beforeMethod()[pri:0, instance:com.test.languagelinks.LanguageLinksTest@39aeed2f]" name="beforeMethod" is-config="true" duration-ms="5981" started-at="2018-06-05T16:44:45Z" finished-at="2018-06-05T16:44:51Z">
          <reporter-output>
          </reporter-output>
        </test-method> <!-- beforeMethod -->
        <test-method status="PASS" signature="englishLinkTest()[pri:1, instance:com.test.languagelinks.LanguageLinksTest@39aeed2f]" name="englishLinkTest" duration-ms="2247" started-at="2018-06-05T16:44:51Z" finished-at="2018-06-05T16:44:53Z">
          <reporter-output>
          </reporter-output>
        </test-method> <!-- englishLinkTest -->
        <test-method status="PASS" signature="afterMethod()[pri:0, instance:com.test.languagelinks.LanguageLinksTest@39aeed2f]" name="afterMethod" is-config="true" duration-ms="3815" started-at="2018-06-05T16:44:53Z" finished-at="2018-06-05T16:44:57Z">
          <reporter-output>
          </reporter-output>
        </test-method> <!-- afterMethod -->
        <test-method status="PASS" signature="beforeMethod()[pri:0, instance:com.test.languagelinks.LanguageLinksTest@39aeed2f]" name="beforeMethod" is-config="true" duration-ms="5200" started-at="2018-06-05T16:44:57Z" finished-at="2018-06-05T16:45:02Z">
          <reporter-output>
          </reporter-output>
        </test-method> <!-- beforeMethod -->
        <test-method status="PASS" signature="spanishLinkTest()[pri:2, instance:com.test.languagelinks.LanguageLinksTest@39aeed2f]" name="spanishLinkTest" duration-ms="2219" started-at="2018-06-05T16:45:02Z" finished-at="2018-06-05T16:45:04Z">
          <reporter-output>
          </reporter-output>
        </test-method> <!-- spanishLinkTest -->
        <test-method status="PASS" signature="afterMethod()[pri:0, instance:com.test.languagelinks.LanguageLinksTest@39aeed2f]" name="afterMethod" is-config="true" duration-ms="3838" started-at="2018-06-05T16:45:04Z" finished-at="2018-06-05T16:45:08Z">
          <reporter-output>
          </reporter-output>
        </test-method> <!-- afterMethod -->
        <test-method status="PASS" signature="beforeMethod()[pri:0, instance:com.test.languagelinks.LanguageLinksTest@39aeed2f]" name="beforeMethod" is-config="true" duration-ms="5525" started-at="2018-06-05T16:45:08Z" finished-at="2018-06-05T16:45:14Z">
          <reporter-output>
          </reporter-output>
        </test-method> <!-- beforeMethod -->
        <test-method status="PASS" signature="russianLinkTest()[pri:3, instance:com.test.languagelinks.LanguageLinksTest@39aeed2f]" name="russianLinkTest" duration-ms="1850" started-at="2018-06-05T16:45:14Z" finished-at="2018-06-05T16:45:16Z">
          <reporter-output>
          </reporter-output>
        </test-method> <!-- russianLinkTest -->
        <test-method status="PASS" signature="afterMethod()[pri:0, instance:com.test.languagelinks.LanguageLinksTest@39aeed2f]" name="afterMethod" is-config="true" duration-ms="3822" started-at="2018-06-05T16:45:16Z" finished-at="2018-06-05T16:45:19Z">
          <reporter-output>
          </reporter-output>
        </test-method> <!-- afterMethod -->
        <test-method status="PASS" signature="beforeMethod()[pri:0, instance:com.test.languagelinks.LanguageLinksTest@39aeed2f]" name="beforeMethod" is-config="true" duration-ms="5291" started-at="2018-06-05T16:45:19Z" finished-at="2018-06-05T16:45:25Z">
          <reporter-output>
          </reporter-output>
        </test-method> <!-- beforeMethod -->
        <test-method status="PASS" signature="taiwanLinkTest()[pri:5, instance:com.test.languagelinks.LanguageLinksTest@39aeed2f]" name="taiwanLinkTest" duration-ms="2087" started-at="2018-06-05T16:45:25Z" finished-at="2018-06-05T16:45:27Z">
          <reporter-output>
          </reporter-output>
        </test-method> <!-- taiwanLinkTest -->
        <test-method status="PASS" signature="afterMethod()[pri:0, instance:com.test.languagelinks.LanguageLinksTest@39aeed2f]" name="afterMethod" is-config="true" duration-ms="3849" started-at="2018-06-05T16:45:27Z" finished-at="2018-06-05T16:45:31Z">
          <reporter-output>
          </reporter-output>
        </test-method> <!-- afterMethod -->
        <test-method status="PASS" signature="beforeMethod()[pri:0, instance:com.test.languagelinks.LanguageLinksTest@39aeed2f]" name="beforeMethod" is-config="true" duration-ms="5314" started-at="2018-06-05T16:45:31Z" finished-at="2018-06-05T16:45:36Z">
          <reporter-output>
          </reporter-output>
        </test-method> <!-- beforeMethod -->
        <test-method status="PASS" signature="arabicLinkTest()[pri:6, instance:com.test.languagelinks.LanguageLinksTest@39aeed2f]" name="arabicLinkTest" duration-ms="2328" started-at="2018-06-05T16:45:36Z" finished-at="2018-06-05T16:45:38Z">
          <reporter-output>
          </reporter-output>
        </test-method> <!-- arabicLinkTest -->
        <test-method status="PASS" signature="afterMethod()[pri:0, instance:com.test.languagelinks.LanguageLinksTest@39aeed2f]" name="afterMethod" is-config="true" duration-ms="3793" started-at="2018-06-05T16:45:38Z" finished-at="2018-06-05T16:45:42Z">
          <reporter-output>
          </reporter-output>
        </test-method> <!-- afterMethod -->
      </class> <!-- com.test.languagelinks.LanguageLinksTest -->
    </test> <!-- Default test -->
  </suite> <!-- Default suite -->
</testng-results>
