<?xml version="1.0" encoding="UTF-8"?>
<testng-results skipped="0" failed="0" total="1" passed="1">
  <reporter-output>
  </reporter-output>
  <suite name="Default suite" duration-ms="64324" started-at="2018-06-07T22:27:18Z" finished-at="2018-06-07T22:28:22Z">
    <groups>
      <group name="cucumber">
        <method signature="AbstractTestNGCucumberTests.feature(cucumber.api.testng.CucumberFeatureWrapper)[pri:0, instance:com.runners.LoginRuner@3ffc5af1]" name="feature" class="cucumber.api.testng.AbstractTestNGCucumberTests"/>
      </group> <!-- cucumber -->
    </groups>
    <test name="Default test" duration-ms="64324" started-at="2018-06-07T22:27:18Z" finished-at="2018-06-07T22:28:22Z">
      <class name="com.runners.LoginRuner">
        <test-method status="PASS" signature="setUpClass()[pri:0, instance:com.runners.LoginRuner@3ffc5af1]" test-instance-name="" name="setUpClass" is-config="true" duration-ms="528" started-at="2018-06-07T18:27:18Z" finished-at="2018-06-07T18:27:19Z">
          <reporter-output>
          </reporter-output>
        </test-method> <!-- setUpClass -->
        <test-method name="feature" test-instance-name="" signature="feature(cucumber.api.testng.CucumberFeatureWrapper)[pri:0, instance:com.runners.LoginRuner@3ffc5af1]" status="PASS" duration-ms="63650" finished-at="2018-06-07T18:28:22Z" started-at="2018-06-07T18:27:19Z" data-provider="features" description="Runs Cucumber Feature">
          <params>
            <param index="0">
              <value>
                <![CDATA[CRM Login Feature]]>
              </value>
            </param>
          </params>
          <reporter-output>
          </reporter-output>
        </test-method> <!-- feature -->
        <test-method status="PASS" signature="tearDownClass()[pri:0, instance:com.runners.LoginRuner@3ffc5af1]" test-instance-name="" name="tearDownClass" is-config="true" duration-ms="9" started-at="2018-06-07T18:28:22Z" finished-at="2018-06-07T18:28:22Z">
          <reporter-output>
          </reporter-output>
        </test-method> <!-- tearDownClass -->
      </class> <!-- com.runners.LoginRuner -->
    </test> <!-- Default test -->
  </suite> <!-- Default suite -->
</testng-results>
